0 info it worked if it ends with ok
1 verbose cli [ 'node', '/usr/local/bin/npm', 'publish', '.' ]
2 info using npm@1.3.5
3 info using node@v0.10.15
4 verbose publish [ '.' ]
5 verbose cache add [ '.', null ]
6 verbose cache add name=undefined spec="." args=[".",null]
7 verbose parsed url { protocol: null,
7 verbose parsed url   slashes: null,
7 verbose parsed url   auth: null,
7 verbose parsed url   host: null,
7 verbose parsed url   port: null,
7 verbose parsed url   hostname: null,
7 verbose parsed url   hash: null,
7 verbose parsed url   search: null,
7 verbose parsed url   query: null,
7 verbose parsed url   pathname: '.',
7 verbose parsed url   path: '.',
7 verbose parsed url   href: '.' }
8 silly lockFile 3a52ce78- .
9 verbose lock . /Users/deif/.npm/3a52ce78-.lock
10 verbose tar pack [ '/var/folders/hg/1bz6xs711l3b0n0_rmtvf2ww0000gn/T/npm-14899-wU4l1OW0/1393555588698-0.4664276351686567/tmp.tgz',
10 verbose tar pack   '.' ]
11 verbose tarball /var/folders/hg/1bz6xs711l3b0n0_rmtvf2ww0000gn/T/npm-14899-wU4l1OW0/1393555588698-0.4664276351686567/tmp.tgz
12 verbose folder .
13 info prepublish livecode-webapp@0.1.0
14 silly lockFile 1f1177db-tar tar://.
15 verbose lock tar://. /Users/deif/.npm/1f1177db-tar.lock
16 silly lockFile 2bc5390b-88698-0-4664276351686567-tmp-tgz tar:///var/folders/hg/1bz6xs711l3b0n0_rmtvf2ww0000gn/T/npm-14899-wU4l1OW0/1393555588698-0.4664276351686567/tmp.tgz
17 verbose lock tar:///var/folders/hg/1bz6xs711l3b0n0_rmtvf2ww0000gn/T/npm-14899-wU4l1OW0/1393555588698-0.4664276351686567/tmp.tgz /Users/deif/.npm/2bc5390b-88698-0-4664276351686567-tmp-tgz.lock
18 silly lockFile 1f1177db-tar tar://.
19 silly lockFile 1f1177db-tar tar://.
20 silly lockFile 2bc5390b-88698-0-4664276351686567-tmp-tgz tar:///var/folders/hg/1bz6xs711l3b0n0_rmtvf2ww0000gn/T/npm-14899-wU4l1OW0/1393555588698-0.4664276351686567/tmp.tgz
21 silly lockFile 2bc5390b-88698-0-4664276351686567-tmp-tgz tar:///var/folders/hg/1bz6xs711l3b0n0_rmtvf2ww0000gn/T/npm-14899-wU4l1OW0/1393555588698-0.4664276351686567/tmp.tgz
22 verbose tar unpack /var/folders/hg/1bz6xs711l3b0n0_rmtvf2ww0000gn/T/npm-14899-wU4l1OW0/1393555588698-0.4664276351686567/tmp.tgz
23 silly lockFile f145274c-88698-0-4664276351686567-package tar:///var/folders/hg/1bz6xs711l3b0n0_rmtvf2ww0000gn/T/npm-14899-wU4l1OW0/1393555588698-0.4664276351686567/package
24 verbose lock tar:///var/folders/hg/1bz6xs711l3b0n0_rmtvf2ww0000gn/T/npm-14899-wU4l1OW0/1393555588698-0.4664276351686567/package /Users/deif/.npm/f145274c-88698-0-4664276351686567-package.lock
25 silly lockFile 2bc5390b-88698-0-4664276351686567-tmp-tgz tar:///var/folders/hg/1bz6xs711l3b0n0_rmtvf2ww0000gn/T/npm-14899-wU4l1OW0/1393555588698-0.4664276351686567/tmp.tgz
26 verbose lock tar:///var/folders/hg/1bz6xs711l3b0n0_rmtvf2ww0000gn/T/npm-14899-wU4l1OW0/1393555588698-0.4664276351686567/tmp.tgz /Users/deif/.npm/2bc5390b-88698-0-4664276351686567-tmp-tgz.lock
27 silly gunzTarPerm modes [ '755', '644' ]
28 silly gunzTarPerm extractEntry package.json
29 silly gunzTarPerm extractEntry .npmignore
30 silly gunzTarPerm extractEntry livecode-webapp.coffee
31 silly gunzTarPerm extractEntry samples/webapp.coffee
32 silly gunzTarPerm extractEntry samples/webapp.jade
33 silly lockFile f145274c-88698-0-4664276351686567-package tar:///var/folders/hg/1bz6xs711l3b0n0_rmtvf2ww0000gn/T/npm-14899-wU4l1OW0/1393555588698-0.4664276351686567/package
34 silly lockFile f145274c-88698-0-4664276351686567-package tar:///var/folders/hg/1bz6xs711l3b0n0_rmtvf2ww0000gn/T/npm-14899-wU4l1OW0/1393555588698-0.4664276351686567/package
35 silly lockFile 2bc5390b-88698-0-4664276351686567-tmp-tgz tar:///var/folders/hg/1bz6xs711l3b0n0_rmtvf2ww0000gn/T/npm-14899-wU4l1OW0/1393555588698-0.4664276351686567/tmp.tgz
36 silly lockFile 2bc5390b-88698-0-4664276351686567-tmp-tgz tar:///var/folders/hg/1bz6xs711l3b0n0_rmtvf2ww0000gn/T/npm-14899-wU4l1OW0/1393555588698-0.4664276351686567/tmp.tgz
37 verbose tar pack [ '/Users/deif/.npm/livecode-webapp/0.1.0/package.tgz',
37 verbose tar pack   '/var/folders/hg/1bz6xs711l3b0n0_rmtvf2ww0000gn/T/npm-14899-wU4l1OW0/1393555588698-0.4664276351686567/package' ]
38 verbose tarball /Users/deif/.npm/livecode-webapp/0.1.0/package.tgz
39 verbose folder /var/folders/hg/1bz6xs711l3b0n0_rmtvf2ww0000gn/T/npm-14899-wU4l1OW0/1393555588698-0.4664276351686567/package
40 silly lockFile f145274c-88698-0-4664276351686567-package tar:///var/folders/hg/1bz6xs711l3b0n0_rmtvf2ww0000gn/T/npm-14899-wU4l1OW0/1393555588698-0.4664276351686567/package
41 verbose lock tar:///var/folders/hg/1bz6xs711l3b0n0_rmtvf2ww0000gn/T/npm-14899-wU4l1OW0/1393555588698-0.4664276351686567/package /Users/deif/.npm/f145274c-88698-0-4664276351686567-package.lock
42 silly lockFile 50e39e5f-ivecode-webapp-0-1-0-package-tgz tar:///Users/deif/.npm/livecode-webapp/0.1.0/package.tgz
43 verbose lock tar:///Users/deif/.npm/livecode-webapp/0.1.0/package.tgz /Users/deif/.npm/50e39e5f-ivecode-webapp-0-1-0-package-tgz.lock
44 silly lockFile f145274c-88698-0-4664276351686567-package tar:///var/folders/hg/1bz6xs711l3b0n0_rmtvf2ww0000gn/T/npm-14899-wU4l1OW0/1393555588698-0.4664276351686567/package
45 silly lockFile f145274c-88698-0-4664276351686567-package tar:///var/folders/hg/1bz6xs711l3b0n0_rmtvf2ww0000gn/T/npm-14899-wU4l1OW0/1393555588698-0.4664276351686567/package
46 silly lockFile 50e39e5f-ivecode-webapp-0-1-0-package-tgz tar:///Users/deif/.npm/livecode-webapp/0.1.0/package.tgz
47 silly lockFile 50e39e5f-ivecode-webapp-0-1-0-package-tgz tar:///Users/deif/.npm/livecode-webapp/0.1.0/package.tgz
48 silly lockFile 18971699-pm-livecode-webapp-0-1-0-package /Users/deif/.npm/livecode-webapp/0.1.0/package
49 verbose lock /Users/deif/.npm/livecode-webapp/0.1.0/package /Users/deif/.npm/18971699-pm-livecode-webapp-0-1-0-package.lock
50 silly lockFile 18971699-pm-livecode-webapp-0-1-0-package /Users/deif/.npm/livecode-webapp/0.1.0/package
51 silly lockFile 18971699-pm-livecode-webapp-0-1-0-package /Users/deif/.npm/livecode-webapp/0.1.0/package
52 verbose tar unpack /Users/deif/.npm/livecode-webapp/0.1.0/package.tgz
53 silly lockFile e49415ca-pm-livecode-webapp-0-1-0-package tar:///Users/deif/.npm/livecode-webapp/0.1.0/package
54 verbose lock tar:///Users/deif/.npm/livecode-webapp/0.1.0/package /Users/deif/.npm/e49415ca-pm-livecode-webapp-0-1-0-package.lock
55 silly lockFile 50e39e5f-ivecode-webapp-0-1-0-package-tgz tar:///Users/deif/.npm/livecode-webapp/0.1.0/package.tgz
56 verbose lock tar:///Users/deif/.npm/livecode-webapp/0.1.0/package.tgz /Users/deif/.npm/50e39e5f-ivecode-webapp-0-1-0-package-tgz.lock
57 silly gunzTarPerm modes [ '755', '644' ]
58 silly gunzTarPerm extractEntry package.json
59 silly gunzTarPerm extractEntry .npmignore
60 silly gunzTarPerm extractEntry livecode-webapp.coffee
61 silly gunzTarPerm extractEntry samples/webapp.coffee
62 silly gunzTarPerm extractEntry samples/webapp.jade
63 silly lockFile e49415ca-pm-livecode-webapp-0-1-0-package tar:///Users/deif/.npm/livecode-webapp/0.1.0/package
64 silly lockFile e49415ca-pm-livecode-webapp-0-1-0-package tar:///Users/deif/.npm/livecode-webapp/0.1.0/package
65 silly lockFile 50e39e5f-ivecode-webapp-0-1-0-package-tgz tar:///Users/deif/.npm/livecode-webapp/0.1.0/package.tgz
66 silly lockFile 50e39e5f-ivecode-webapp-0-1-0-package-tgz tar:///Users/deif/.npm/livecode-webapp/0.1.0/package.tgz
67 verbose chmod /Users/deif/.npm/livecode-webapp/0.1.0/package.tgz 644
68 verbose chown /Users/deif/.npm/livecode-webapp/0.1.0/package.tgz [ 501, 20 ]
69 silly lockFile 3a52ce78- .
70 silly lockFile 3a52ce78- .
71 silly publish { name: 'livecode-webapp',
71 silly publish   version: '0.1.0',
71 silly publish   description: '',
71 silly publish   main: 'index.js',
71 silly publish   bin: { 'livecode-webapp': './livecode-webapp.coffee' },
71 silly publish   scripts: { test: 'echo "Error: no test specified" && exit 1' },
71 silly publish   author: '',
71 silly publish   license: 'BSD',
71 silly publish   dependencies:
71 silly publish    { 'zk-observable': '0.0.3',
71 silly publish      'webmake-coffee': '~0.1.3',
71 silly publish      webmake: '~0.3.26',
71 silly publish      jade: '~1.1.5',
71 silly publish      commander: '~2.1.0',
71 silly publish      chokidar: '~0.8.1' },
71 silly publish   readme: 'ERROR: No README data found!',
71 silly publish   _id: 'livecode-webapp@0.1.0',
71 silly publish   dist: { shasum: 'c019d0778e615ebdec8cd197828947cb73137da2' },
71 silly publish   _from: '.' }
72 verbose url raw livecode-webapp
73 verbose url resolving [ 'https://registry.npmjs.org/', './livecode-webapp' ]
74 verbose url resolved https://registry.npmjs.org/livecode-webapp
75 info trying registry request attempt 1 at 11:46:28
76 http PUT https://registry.npmjs.org/livecode-webapp
77 info retry will retry, error on last attempt: Error: SELF_SIGNED_CERT_IN_CHAIN
78 info trying registry request attempt 2 at 11:46:38
79 http PUT https://registry.npmjs.org/livecode-webapp
80 info retry will retry, error on last attempt: Error: SELF_SIGNED_CERT_IN_CHAIN
81 info trying registry request attempt 3 at 11:47:39
82 http PUT https://registry.npmjs.org/livecode-webapp
83 error publish Failed PUT response undefined
84 error Error: SELF_SIGNED_CERT_IN_CHAIN
84 error     at SecurePair.<anonymous> (tls.js:1350:32)
84 error     at SecurePair.EventEmitter.emit (events.js:92:17)
84 error     at SecurePair.maybeInitFinished (tls.js:963:10)
84 error     at CleartextStream.read [as _read] (tls.js:463:15)
84 error     at CleartextStream.Readable.read (_stream_readable.js:320:10)
84 error     at EncryptedStream.write [as _write] (tls.js:366:25)
84 error     at doWrite (_stream_writable.js:219:10)
84 error     at writeOrBuffer (_stream_writable.js:209:5)
84 error     at EncryptedStream.Writable.write (_stream_writable.js:180:11)
84 error     at write (_stream_readable.js:573:24)
85 error If you need help, you may report this log at:
85 error     <http://github.com/isaacs/npm/issues>
85 error or email it to:
85 error     <npm-@googlegroups.com>
86 error System Darwin 13.0.0
87 error command "node" "/usr/local/bin/npm" "publish" "."
88 error cwd /Users/deif/livecode-webapp
89 error node -v v0.10.15
90 error npm -v 1.3.5
91 verbose exit [ 1, true ]
